<?xml version="1.0" encoding="utf-8"?><testsuites name="pytest tests"><testsuite name="pytest" errors="0" failures="0" skipped="0" tests="8" time="0.944" timestamp="2026-06-26T09:44:28.015257+00:00" hostname="agent-env-49bc65fa-9152-42e4-b845-97fdcbbeec38"><testcase classname="launcher-backend.tests.test_apkm_system_deps" name="test_launcher_root_alive" time="0.004" /><testcase classname="launcher-backend.tests.test_apkm_system_deps" name="test_system_deps_cold_state_404" time="0.003" /><testcase classname="launcher-backend.tests.test_apkm_system_deps.TestSystemDepDownload" name="test_get_pinned_bundle_returns_200" time="0.207" /><testcase classname="launcher-backend.tests.test_apkm_system_deps.TestAdminSetSystemDep" name="test_admin_endpoint_currently_open" time="0.217" /><testcase classname="launcher-backend.tests.test_apkm_system_deps.TestAdminSetSystemDep" name="test_admin_pin_happy_path" time="0.212" /><testcase classname="launcher-backend.tests.test_apkm_system_deps.TestAdminSetSystemDep" name="test_admin_pin_with_nonexistent_apk_id_returns_404" time="0.206" /><testcase classname="launcher-backend.tests.test_apkm_system_deps.TestUploadApkm" name="test_upload_apkm_succeeds" time="0.015" /><testcase classname="launcher-backend.tests.test_apkm_system_deps.TestUploadApkm" name="test_upload_exe_is_rejected" time="0.002" /></testsuite></testsuites>