<?xml version="1.0" encoding="utf-8"?><testsuites name="pytest tests"><testsuite name="pytest" errors="0" failures="0" skipped="0" tests="15" time="2.961" timestamp="2026-06-12T10:36:42.639511+00:00" hostname="agent-env-49bc65fa-9152-42e4-b845-97fdcbbeec38"><testcase classname="backend.tests.test_auth_jwt.TestAuthLogin" name="test_login_success" time="0.202" /><testcase classname="backend.tests.test_auth_jwt.TestAuthLogin" name="test_login_wrong_password" time="0.044" /><testcase classname="backend.tests.test_auth_jwt.TestAuthLogin" name="test_login_unknown_username" time="0.050" /><testcase classname="backend.tests.test_auth_jwt.TestAuthMe" name="test_me_valid_token" time="0.133" /><testcase classname="backend.tests.test_auth_jwt.TestAuthMe" name="test_me_no_header" time="0.123" /><testcase classname="backend.tests.test_auth_jwt.TestAuthMe" name="test_me_malformed_token" time="0.095" /><testcase classname="backend.tests.test_auth_jwt.TestAuthMe" name="test_logout" time="0.045" /><testcase classname="backend.tests.test_auth_jwt.TestBruteForce" name="test_lockout_after_5_attempts" time="0.292" /><testcase classname="backend.tests.test_auth_jwt.TestBruteForce" name="test_correct_password_still_locked" time="0.044" /><testcase classname="backend.tests.test_auth_jwt.TestAdminAccounts" name="test_admin_list_without_key_403" time="0.128" /><testcase classname="backend.tests.test_auth_jwt.TestAdminAccounts" name="test_admin_list_with_key" time="0.100" /><testcase classname="backend.tests.test_auth_jwt.TestAdminAccounts" name="test_admin_create_account" time="0.282" /><testcase classname="backend.tests.test_auth_jwt.TestAdminAccounts" name="test_admin_bulk_import" time="0.440" /><testcase classname="backend.tests.test_auth_jwt.TestAdminAccounts" name="test_admin_patch_then_get_shows_update" time="0.388" /><testcase classname="backend.tests.test_auth_jwt.TestAdminAccounts" name="test_admin_delete_then_get_excludes" time="0.329" /></testsuite></testsuites>