<?xml version="1.0" encoding="utf-8"?><testsuites name="pytest tests"><testsuite name="pytest" errors="0" failures="0" skipped="0" tests="2" time="0.519" timestamp="2026-05-14T09:03:20.799450+00:00" hostname="agent-env-49bc65fa-9152-42e4-b845-97fdcbbeec38"><testcase classname="backend.tests.test_iter8_polish" name="test_networks_logos_uses_w300" time="0.350" /><testcase classname="backend.tests.test_iter8_polish" name="test_by_genre_movie_action_limit_20" time="0.105" /></testsuite></testsuites>