<?xml version="1.0" encoding="utf-8"?><testsuites name="pytest tests"><testsuite name="pytest" errors="0" failures="0" skipped="0" tests="18" time="3.792" timestamp="2026-05-10T17:30:57.296056+00:00" hostname="agent-env-49bc65fa-9152-42e4-b845-97fdcbbeec38"><testcase classname="backend.tests.test_subtitles_and_addons" name="test_install_opensubtitles_v3" time="0.359" /><testcase classname="backend.tests.test_subtitles_and_addons" name="test_install_cinemeta_idempotent" time="0.176" /><testcase classname="backend.tests.test_subtitles_and_addons" name="test_addons_list_contains_both_required" time="0.046" /><testcase classname="backend.tests.test_subtitles_and_addons" name="test_subtitles_aggregator_shawshank" time="0.344" /><testcase classname="backend.tests.test_subtitles_and_addons" name="test_subtitles_caching" time="0.102" /><testcase classname="backend.tests.test_vesper_api" name="test_root" time="0.126" /><testcase classname="backend.tests.test_vesper_api" name="test_suggested" time="0.046" /><testcase classname="backend.tests.test_vesper_api" name="test_cleanup_preexisting" time="0.283" /><testcase classname="backend.tests.test_vesper_api" name="test_install_cinemeta" time="0.126" /><testcase classname="backend.tests.test_vesper_api" name="test_install_invalid" time="0.502" /><testcase classname="backend.tests.test_vesper_api" name="test_install_watchhub" time="0.179" /><testcase classname="backend.tests.test_vesper_api" name="test_list_addons" time="0.045" /><testcase classname="backend.tests.test_vesper_api" name="test_catalog_top_movies" time="0.366" /><testcase classname="backend.tests.test_vesper_api" name="test_catalog_search" time="0.132" /><testcase classname="backend.tests.test_vesper_api" name="test_catalog_cache" time="0.377" /><testcase classname="backend.tests.test_vesper_api" name="test_meta" time="0.121" /><testcase classname="backend.tests.test_vesper_api" name="test_streams" time="0.132" /><testcase classname="backend.tests.test_vesper_api" name="test_delete_addon" time="0.144" /></testsuite></testsuites>