<?xml version="1.0" encoding="utf-8"?><testsuites name="pytest tests"><testsuite name="pytest" errors="0" failures="0" skipped="0" tests="18" time="2.228" timestamp="2026-06-26T11:49:27.034958+00:00" hostname="agent-env-49bc65fa-9152-42e4-b845-97fdcbbeec38"><testcase classname="launcher-backend.tests.test_apkm_system_deps" name="test_launcher_root_alive" time="0.004" /><testcase classname="launcher-backend.tests.test_apkm_system_deps" name="test_system_deps_cold_state_404" time="0.004" /><testcase classname="launcher-backend.tests.test_apkm_system_deps.TestSystemDepDownload" name="test_get_pinned_bundle_returns_200" time="0.207" /><testcase classname="launcher-backend.tests.test_apkm_system_deps.TestAdminSetSystemDep" name="test_admin_endpoint_currently_open" time="0.211" /><testcase classname="launcher-backend.tests.test_apkm_system_deps.TestAdminSetSystemDep" name="test_admin_pin_happy_path" time="0.212" /><testcase classname="launcher-backend.tests.test_apkm_system_deps.TestAdminSetSystemDep" name="test_admin_pin_with_nonexistent_apk_id_returns_404" time="0.206" /><testcase classname="launcher-backend.tests.test_apkm_system_deps.TestUploadApkm" name="test_upload_apkm_succeeds" time="0.016" /><testcase classname="launcher-backend.tests.test_apkm_system_deps.TestUploadApkm" name="test_upload_exe_is_rejected" time="0.002" /><testcase classname="launcher-backend.tests.test_iter53_production_shape" name="test_1_absolute_url_resolves_dot_apk_filename" time="0.801" /><testcase classname="launcher-backend.tests.test_iter53_production_shape" name="test_2_prebaked_apkm_present_returns_apkm_filename" time="0.006" /><testcase classname="launcher-backend.tests.test_iter53_production_shape" name="test_3_prebaked_dot_apk_returns_apk_filename" time="0.008" /><testcase classname="launcher-backend.tests.test_iter53_production_shape" name="test_4_no_prebaked_no_match_returns_404" time="0.380" /><testcase classname="launcher-backend.tests.test_synonym_matcher" name="test_path3_matches_raw_chrome_apkmirror_filename" time="0.011" /><testcase classname="launcher-backend.tests.test_synonym_matcher" name="test_path3_matches_android_system_webview_138" time="0.008" /><testcase classname="launcher-backend.tests.test_synonym_matcher" name="test_path3_does_not_match_unrelated_app" time="0.007" /><testcase classname="launcher-backend.tests.test_synonym_matcher" name="test_path3_matches_webview_138_plain" time="0.007" /><testcase classname="launcher-backend.tests.test_synonym_matcher" name="test_path3_matches_googlewebview_138" time="0.008" /><testcase classname="launcher-backend.tests.test_synonym_matcher" name="test_path3_matches_comandroidchrome_138" time="0.008" /></testsuite></testsuites>