<?xml version="1.0" encoding="utf-8"?><testsuites name="pytest tests"><testsuite name="pytest" errors="0" failures="0" skipped="0" tests="3" time="6.353" timestamp="2026-06-27T09:48:27.585655+00:00" hostname="agent-env-49bc65fa-9152-42e4-b845-97fdcbbeec38"><testcase classname="backend.tests.test_iter55_updategate_streams" name="test_addons_endpoint_200" time="1.115" /><testcase classname="backend.tests.test_iter55_updategate_streams" name="test_streams_movie_tagged_with_source_and_quality" time="5.063" /><testcase classname="backend.tests.test_iter55_updategate_streams" name="test_streams_easynews_entry_does_not_break_detection" time="0.043" /></testsuite></testsuites>