<?xml version="1.0" encoding="utf-8"?><testsuites name="pytest tests"><testsuite name="pytest" errors="0" failures="0" skipped="0" tests="20" time="20.743" timestamp="2026-05-18T12:01:27.325905+00:00" hostname="agent-env-49bc65fa-9152-42e4-b845-97fdcbbeec38"><testcase classname="backend.tests.test_watch_party.TestWatchPartyRest" name="test_create_returns_6char_code" time="0.252" /><testcase classname="backend.tests.test_watch_party.TestWatchPartyRest" name="test_state_returns_party_for_existing_code" time="0.226" /><testcase classname="backend.tests.test_watch_party.TestWatchPartyRest" name="test_state_invalid_returns_not_found" time="0.112" /><testcase classname="backend.tests.test_watch_party.TestWatchPartyWS" name="test_hello_host_and_guest_state_broadcast" time="0.670" /><testcase classname="backend.tests.test_watch_party.TestWatchPartyWS" name="test_host_pick_broadcasts_movie" time="1.390" /><testcase classname="backend.tests.test_watch_party.TestWatchPartyWS" name="test_host_play_transitions_to_loading" time="1.376" /><testcase classname="backend.tests.test_watch_party.TestWatchPartyWS" name="test_host_pause_updates_position_and_status" time="1.359" /><testcase classname="backend.tests.test_watch_party.TestWatchPartyWS" name="test_chat_message_broadcast_with_sender_info" time="1.365" /><testcase classname="backend.tests.test_watch_party.TestWatchPartyWS" name="test_disconnect_broadcasts_fresh_state" time="0.977" /><testcase classname="backend.tests.test_watch_party.TestWatchPartyReadyHandshake" name="test_play_emits_loading_then_countdown_after_all_ready" time="2.322" /><testcase classname="backend.tests.test_watch_party.TestWatchPartyReadyHandshake" name="test_ready_outside_loading_does_not_flip_status" time="0.786" /><testcase classname="backend.tests.test_watch_party.TestWatchPartyGuestJoin" name="test_join_existing_code_via_state_endpoint" time="0.241" /><testcase classname="backend.tests.test_watch_party.TestWatchPartyGuestJoin" name="test_join_invalid_code_returns_not_found" time="0.109" /><testcase classname="backend.tests.test_watch_party.TestWatchPartyReactions" name="test_reaction_broadcasts_to_host_and_guest" time="1.382" /><testcase classname="backend.tests.test_watch_party.TestWatchPartyReactions" name="test_reaction_whitelist_drops_disallowed_emoji" time="2.137" /><testcase classname="backend.tests.test_watch_party.TestWatchPartyReactions" name="test_reaction_rate_limit_800ms_per_member" time="2.977" /><testcase classname="backend.tests.test_watch_party_stream_url" name="test_host_stream_broadcast_reaches_guest" time="0.831" /><testcase classname="backend.tests.test_watch_party_stream_url" name="test_stream_error_broadcasts" time="0.701" /><testcase classname="backend.tests.test_watch_party_e2e_stream_share" name="test_full_watch_party_flow" time="0.849" /><testcase classname="backend.tests.test_watch_party_e2e_stream_share" name="test_new_pick_resets_stream" time="0.568" /></testsuite></testsuites>