<?xml version="1.0" encoding="utf-8"?><testsuites name="pytest tests"><testsuite name="pytest" errors="0" failures="0" skipped="0" tests="2" time="5.561" timestamp="2026-06-27T10:35:59.358502+00:00" hostname="agent-env-49bc65fa-9152-42e4-b845-97fdcbbeec38"><testcase classname="backend.tests.test_iter56_regression.TestAuthRegression" name="test_login_testuser" time="0.246" /><testcase classname="backend.tests.test_iter56_regression.TestStreamsRegression" name="test_streams_shawshank" time="5.178" /></testsuite></testsuites>