<?xml version="1.0" encoding="utf-8"?><testsuites name="pytest tests"><testsuite name="pytest" errors="0" failures="0" skipped="0" tests="6" time="0.122" timestamp="2026-06-26T10:55:41.921187+00:00" hostname="agent-env-49bc65fa-9152-42e4-b845-97fdcbbeec38"><testcase classname="launcher-backend.tests.test_synonym_matcher" name="test_path3_matches_raw_chrome_apkmirror_filename" time="0.013" /><testcase classname="launcher-backend.tests.test_synonym_matcher" name="test_path3_matches_android_system_webview_138" time="0.011" /><testcase classname="launcher-backend.tests.test_synonym_matcher" name="test_path3_does_not_match_unrelated_app" time="0.008" /><testcase classname="launcher-backend.tests.test_synonym_matcher" name="test_path3_matches_webview_138_plain" time="0.008" /><testcase classname="launcher-backend.tests.test_synonym_matcher" name="test_path3_matches_googlewebview_138" time="0.008" /><testcase classname="launcher-backend.tests.test_synonym_matcher" name="test_path3_matches_comandroidchrome_138" time="0.008" /></testsuite></testsuites>