<?xml version="1.0" encoding="utf-8"?><testsuites name="pytest tests"><testsuite name="pytest" errors="0" failures="0" skipped="1" tests="11" time="8.370" timestamp="2026-05-15T10:28:47.690095+00:00" hostname="agent-env-49bc65fa-9152-42e4-b845-97fdcbbeec38"><testcase classname="tests.test_sportsdb_v9.TestFixturesMerged" name="test_a_shape_volume_and_sports" time="0.273" /><testcase classname="tests.test_sportsdb_v9.TestFixturesMerged" name="test_b_event_normalised_fields" time="0.000" /><testcase classname="tests.test_sportsdb_v9.TestFixturesMerged" name="test_c_sorted_by_ts" time="0.000" /><testcase classname="tests.test_sportsdb_v9.TestFixturesMerged" name="test_d_source_field_espn_and_sportsdb" time="0.000"><skipped type="pytest.skip" message="no sportsdb-source events found (sources={'espn': 342, '': 17}); skip strict check">/app/backend/tests/test_sportsdb_v9.py:104: no sportsdb-source events found (sources={'espn': 342, '': 17}); skip strict check</skipped></testcase><testcase classname="tests.test_sportsdb_v9.TestFixturesMerged" name="test_e_deduplication" time="0.001" /><testcase classname="tests.test_sportsdb_v9.TestFixturesMerged" name="test_f_nrl_rugby_league_present" time="0.227" /><testcase classname="tests.test_sportsdb_v9.TestFixturesMerged" name="test_g_cache_behaviour_and_disk_cache" time="6.059" /><testcase classname="tests.test_sportsdb_v9.TestLivescores" name="test_livescores_shape_and_cache" time="0.826" /><testcase classname="tests.test_sportsdb_v9.TestExistingSportsdbEndpoints" name="test_leagues_curated" time="0.111" /><testcase classname="tests.test_sportsdb_v9.TestExistingSportsdbEndpoints" name="test_league_season_epl" time="0.573" /><testcase classname="tests.test_sportsdb_v9.TestDiskCache" name="test_disk_cache_file_present" time="0.236" /></testsuite></testsuites>