<?xml version="1.0" encoding="utf-8"?><testsuites name="pytest tests"><testsuite name="pytest" errors="0" failures="1" skipped="0" tests="12" time="0.252" timestamp="2026-06-29T08:54:58.192152+00:00" hostname="agent-env-49bc65fa-9152-42e4-b845-97fdcbbeec38"><testcase classname="tests.test_build_id_edge_cases" name="test_dock_apk_build_id_is_valid_uuid4_hex" time="0.012" /><testcase classname="tests.test_build_id_edge_cases" name="test_home_update_build_id_is_valid_uuid4_hex" time="0.008" /><testcase classname="tests.test_build_id_edge_cases" name="test_launcher_config_includes_apk_build_id_field_on_every_dock_tile" time="0.010" /><testcase classname="tests.test_build_id_edge_cases" name="test_home_update_info_without_query_returns_has_update_true" time="0.009" /><testcase classname="tests.test_build_id_edge_cases" name="test_dock_delete_clears_apk_build_id" time="0.014"><failure message="AssertionError: DELETE /api/admin/dock/movies/apk did NOT clear apk_build_id from store.json — remnant: '492b1b1c7f2b45bea096cab51b23b593'&#10;assert not '492b1b1c7f2b45bea096cab51b23b593'&#10; +  where '492b1b1c7f2b45bea096cab51b23b593' = &lt;built-in method get of dict object at 0xfc97e3de0800&gt;('apk_build_id')&#10; +    where &lt;built-in method get of dict object at 0xfc97e3de0800&gt; = {'accent': '#3dd8ff', 'apk_build_id': '492b1b1c7f2b45bea096cab51b23b593', 'apk_filename': None, 'apk_package_id': None, ...}.get">tests/test_build_id_edge_cases.py:124: in test_dock_delete_clears_apk_build_id
    assert not tile.get("apk_build_id"), (
E   AssertionError: DELETE /api/admin/dock/movies/apk did NOT clear apk_build_id from store.json — remnant: '492b1b1c7f2b45bea096cab51b23b593'
E   assert not '492b1b1c7f2b45bea096cab51b23b593'
E    +  where '492b1b1c7f2b45bea096cab51b23b593' = &lt;built-in method get of dict object at 0xfc97e3de0800&gt;('apk_build_id')
E    +    where &lt;built-in method get of dict object at 0xfc97e3de0800&gt; = {'accent': '#3dd8ff', 'apk_build_id': '492b1b1c7f2b45bea096cab51b23b593', 'apk_filename': None, 'apk_package_id': None, ...}.get</failure></testcase><testcase classname="tests.test_build_id_edge_cases" name="test_home_update_delete_clears_build_id" time="0.027" /><testcase classname="tests.test_build_id_pill_trigger" name="test_dock_apk_upload_mints_build_id" time="0.011" /><testcase classname="tests.test_build_id_pill_trigger" name="test_dock_apk_reupload_rotates_build_id" time="0.015" /><testcase classname="tests.test_build_id_pill_trigger" name="test_home_update_upload_mints_build_id" time="0.009" /><testcase classname="tests.test_build_id_pill_trigger" name="test_home_update_info_returns_no_update_when_build_id_matches" time="0.009" /><testcase classname="tests.test_build_id_pill_trigger" name="test_home_update_info_fires_when_build_id_stale" time="0.009" /><testcase classname="tests.test_build_id_pill_trigger" name="test_home_update_reupload_rotates_build_id_and_pill_refires" time="0.029" /></testsuite></testsuites>