<?xml version="1.0" encoding="utf-8"?><testsuites name="pytest tests"><testsuite name="pytest" errors="0" failures="0" skipped="0" tests="2" time="51.559" timestamp="2026-05-18T12:01:54.432051+00:00" hostname="agent-env-49bc65fa-9152-42e4-b845-97fdcbbeec38"><testcase classname="backend.tests.test_watch_party_stream_url" name="test_loading_watchdog_force_advances" time="25.761" /><testcase classname="backend.tests.test_watch_party_e2e_stream_share" name="test_loading_advances_with_only_host_ready_after_timeout" time="25.740" /></testsuite></testsuites>