<?xml version="1.0" encoding="utf-8"?><testsuites name="pytest tests"><testsuite name="pytest" errors="0" failures="0" skipped="0" tests="16" time="18.254" timestamp="2026-05-15T13:57:28.696037+00:00" hostname="agent-env-49bc65fa-9152-42e4-b845-97fdcbbeec38"><testcase classname="backend.tests.test_watch_party.TestWatchPartyRest" name="test_create_returns_6char_code" time="0.226" /><testcase classname="backend.tests.test_watch_party.TestWatchPartyRest" name="test_state_returns_party_for_existing_code" time="0.255" /><testcase classname="backend.tests.test_watch_party.TestWatchPartyRest" name="test_state_invalid_returns_not_found" time="0.134" /><testcase classname="backend.tests.test_watch_party.TestWatchPartyWS" name="test_hello_host_and_guest_state_broadcast" time="0.654" /><testcase classname="backend.tests.test_watch_party.TestWatchPartyWS" name="test_host_pick_broadcasts_movie" time="1.432" /><testcase classname="backend.tests.test_watch_party.TestWatchPartyWS" name="test_host_play_transitions_to_loading" time="1.372" /><testcase classname="backend.tests.test_watch_party.TestWatchPartyWS" name="test_host_pause_updates_position_and_status" time="1.391" /><testcase classname="backend.tests.test_watch_party.TestWatchPartyWS" name="test_chat_message_broadcast_with_sender_info" time="1.631" /><testcase classname="backend.tests.test_watch_party.TestWatchPartyWS" name="test_disconnect_broadcasts_fresh_state" time="0.966" /><testcase classname="backend.tests.test_watch_party.TestWatchPartyReadyHandshake" name="test_play_emits_loading_then_countdown_after_all_ready" time="2.294" /><testcase classname="backend.tests.test_watch_party.TestWatchPartyReadyHandshake" name="test_ready_outside_loading_does_not_flip_status" time="0.895" /><testcase classname="backend.tests.test_watch_party.TestWatchPartyGuestJoin" name="test_join_existing_code_via_state_endpoint" time="0.269" /><testcase classname="backend.tests.test_watch_party.TestWatchPartyGuestJoin" name="test_join_invalid_code_returns_not_found" time="0.122" /><testcase classname="backend.tests.test_watch_party.TestWatchPartyReactions" name="test_reaction_broadcasts_to_host_and_guest" time="1.408" /><testcase classname="backend.tests.test_watch_party.TestWatchPartyReactions" name="test_reaction_whitelist_drops_disallowed_emoji" time="2.140" /><testcase classname="backend.tests.test_watch_party.TestWatchPartyReactions" name="test_reaction_rate_limit_800ms_per_member" time="2.998" /></testsuite></testsuites>