<?xml version="1.0" encoding="utf-8"?><testsuites name="pytest tests"><testsuite name="pytest" errors="0" failures="0" skipped="0" tests="6" time="2.782" timestamp="2026-05-14T09:38:09.559596+00:00" hostname="agent-env-49bc65fa-9152-42e4-b845-97fdcbbeec38"><testcase classname="backend.tests.test_for_you_iter11.TestSimilarToPicks" name="test_basic_movies_excluded" time="0.368" /><testcase classname="backend.tests.test_for_you_iter11.TestSimilarToPicks" name="test_empty_picks" time="0.132" /><testcase classname="backend.tests.test_for_you_iter11.TestSimilarToPicks" name="test_malformed_picks_silently_ignored" time="0.176" /><testcase classname="backend.tests.test_for_you_iter11.TestSimilarToPicks" name="test_series_alias_maps_to_tv" time="0.194" /><testcase classname="backend.tests.test_for_you_iter11.TestSimilarToPicks" name="test_cache_returns_cached_true_on_second_hit" time="0.921" /><testcase classname="backend.tests.test_for_you_iter11.TestForYouCache" name="test_for_you_cached_on_repeat" time="0.935" /></testsuite></testsuites>