<?xml version="1.0" encoding="utf-8"?><testsuites name="pytest tests"><testsuite name="pytest" errors="0" failures="0" skipped="0" tests="2" time="5.506" timestamp="2026-06-30T10:38:26.317398+00:00" hostname="agent-env-49bc65fa-9152-42e4-b845-97fdcbbeec38"><testcase classname="backend.tests.test_iter63_regression" name="test_auth_login_returns_jwt" time="0.274" /><testcase classname="backend.tests.test_iter63_regression" name="test_streams_movie_shawshank_nonempty" time="5.076" /></testsuite></testsuites>