<?xml version="1.0" encoding="utf-8"?><testsuites name="pytest tests"><testsuite name="pytest" errors="0" failures="0" skipped="0" tests="9" time="2.486" timestamp="2026-05-14T08:14:29.461881+00:00" hostname="agent-env-49bc65fa-9152-42e4-b845-97fdcbbeec38"><testcase classname="backend.tests.test_tmdb_for_you.TestTmdbGenres" name="test_movie_genres" time="0.495" /><testcase classname="backend.tests.test_tmdb_for_you.TestTmdbGenres" name="test_tv_genres" time="0.257" /><testcase classname="backend.tests.test_tmdb_for_you.TestTmdbGenres" name="test_invalid_media" time="0.183" /><testcase classname="backend.tests.test_tmdb_for_you.TestTmdbByGenre" name="test_movie_action_limit_5" time="0.328" /><testcase classname="backend.tests.test_tmdb_for_you.TestTmdbByGenre" name="test_tv_drama_limit_5" time="0.212" /><testcase classname="backend.tests.test_tmdb_for_you.TestTmdbByGenre" name="test_invalid_media" time="0.227" /><testcase classname="backend.tests.test_tmdb_for_you.TestTmdbForYou" name="test_mixed_movies_and_tv" time="0.223" /><testcase classname="backend.tests.test_tmdb_for_you.TestTmdbForYou" name="test_empty_params" time="0.118" /><testcase classname="backend.tests.test_tmdb_for_you.TestTmdbForYou" name="test_only_movies" time="0.282" /></testsuite></testsuites>