<?xml version="1.0" encoding="utf-8"?><testsuites name="pytest tests"><testsuite name="pytest" errors="0" failures="0" skipped="0" tests="6" time="0.148" timestamp="2026-06-29T08:54:20.435786+00:00" hostname="agent-env-49bc65fa-9152-42e4-b845-97fdcbbeec38"><testcase classname="tests.test_build_id_pill_trigger" name="test_dock_apk_upload_mints_build_id" time="0.015" /><testcase classname="tests.test_build_id_pill_trigger" name="test_dock_apk_reupload_rotates_build_id" time="0.016" /><testcase classname="tests.test_build_id_pill_trigger" name="test_home_update_upload_mints_build_id" time="0.013" /><testcase classname="tests.test_build_id_pill_trigger" name="test_home_update_info_returns_no_update_when_build_id_matches" time="0.009" /><testcase classname="tests.test_build_id_pill_trigger" name="test_home_update_info_fires_when_build_id_stale" time="0.009" /><testcase classname="tests.test_build_id_pill_trigger" name="test_home_update_reupload_rotates_build_id_and_pill_refires" time="0.028" /></testsuite></testsuites>