<?xml version="1.0" encoding="utf-8"?><testsuites name="pytest tests"><testsuite name="pytest" errors="0" failures="1" skipped="0" tests="45" time="33.021" timestamp="2026-05-15T17:25:52.121631+00:00" hostname="agent-env-49bc65fa-9152-42e4-b845-97fdcbbeec38"><testcase classname="backend.tests.test_watch_party.TestWatchPartyRest" name="test_create_returns_6char_code" time="0.203" /><testcase classname="backend.tests.test_watch_party.TestWatchPartyRest" name="test_state_returns_party_for_existing_code" time="0.268" /><testcase classname="backend.tests.test_watch_party.TestWatchPartyRest" name="test_state_invalid_returns_not_found" time="0.122" /><testcase classname="backend.tests.test_watch_party.TestWatchPartyWS" name="test_hello_host_and_guest_state_broadcast" time="0.699" /><testcase classname="backend.tests.test_watch_party.TestWatchPartyWS" name="test_host_pick_broadcasts_movie" time="1.626" /><testcase classname="backend.tests.test_watch_party.TestWatchPartyWS" name="test_host_play_transitions_to_loading" time="1.663" /><testcase classname="backend.tests.test_watch_party.TestWatchPartyWS" name="test_host_pause_updates_position_and_status" time="1.509" /><testcase classname="backend.tests.test_watch_party.TestWatchPartyWS" name="test_chat_message_broadcast_with_sender_info" time="1.534" /><testcase classname="backend.tests.test_watch_party.TestWatchPartyWS" name="test_disconnect_broadcasts_fresh_state" time="1.038" /><testcase classname="backend.tests.test_watch_party.TestWatchPartyReadyHandshake" name="test_play_emits_loading_then_countdown_after_all_ready" time="2.499" /><testcase classname="backend.tests.test_watch_party.TestWatchPartyReadyHandshake" name="test_ready_outside_loading_does_not_flip_status" time="0.832" /><testcase classname="backend.tests.test_watch_party.TestWatchPartyGuestJoin" name="test_join_existing_code_via_state_endpoint" time="0.288" /><testcase classname="backend.tests.test_watch_party.TestWatchPartyGuestJoin" name="test_join_invalid_code_returns_not_found" time="0.140" /><testcase classname="backend.tests.test_watch_party.TestWatchPartyReactions" name="test_reaction_broadcasts_to_host_and_guest" time="1.664" /><testcase classname="backend.tests.test_watch_party.TestWatchPartyReactions" name="test_reaction_whitelist_drops_disallowed_emoji" time="2.297" /><testcase classname="backend.tests.test_watch_party.TestWatchPartyReactions" name="test_reaction_rate_limit_800ms_per_member" time="3.040" /><testcase classname="backend.tests.test_backup.TestBackupSave" name="test_save_returns_code_and_metadata" time="0.106" /><testcase classname="backend.tests.test_backup.TestBackupSave" name="test_two_saves_return_different_codes" time="0.303" /><testcase classname="backend.tests.test_backup.TestBackupRestore" name="test_restore_wrong_pin_returns_403" time="0.242" /><testcase classname="backend.tests.test_backup.TestBackupRestore" name="test_restore_right_pin_returns_payload_verbatim" time="0.133" /><testcase classname="backend.tests.test_backup.TestBackupRestore" name="test_restore_bad_code_returns_404" time="0.124" /><testcase classname="backend.tests.test_backup.TestBackupRefresh" name="test_refresh_returns_new_expiry" time="0.335" /><testcase classname="backend.tests.test_backup.TestBackupRefresh" name="test_refresh_wrong_pin_403" time="0.231" /><testcase classname="backend.tests.test_backup.TestPinValidation" name="test_save_rejects_bad_pin[abcd]" time="0.106" /><testcase classname="backend.tests.test_backup.TestPinValidation" name="test_save_rejects_bad_pin[12a4]" time="0.106" /><testcase classname="backend.tests.test_backup.TestPinValidation" name="test_save_rejects_bad_pin[12345]" time="0.120" /><testcase classname="backend.tests.test_backup.TestPinValidation" name="test_save_rejects_bad_pin[123]" time="0.133" /><testcase classname="backend.tests.test_backup.TestPinValidation" name="test_save_rejects_bad_pin[    ]" time="0.120" /><testcase classname="backend.tests.test_backup.TestPinValidation" name="test_restore_rejects_non_digit_pin" time="0.267" /><testcase classname="backend.tests.test_backup.TestPinValidation" name="test_restore_rejects_wrong_length_pin" time="0.283" /><testcase classname="backend.tests.test_backup.TestCodeValidation" name="test_restore_rejects_malformed_code[ABC]" time="0.193" /><testcase classname="backend.tests.test_backup.TestCodeValidation" name="test_restore_rejects_malformed_code[ABCDEFG]" time="0.216" /><testcase classname="backend.tests.test_backup.TestCodeValidation" name="test_restore_rejects_malformed_code[]" time="0.204" /><testcase classname="backend.tests.test_backup.TestCodeValidation" name="test_restore_rejects_malformed_code[ABCDE]" time="0.193" /><testcase classname="backend.tests.test_sportsdb_v9.TestFixturesMerged" name="test_a_shape_volume_and_sports" time="0.390" /><testcase classname="backend.tests.test_sportsdb_v9.TestFixturesMerged" name="test_b_event_normalised_fields" time="0.000"><failure message="AssertionError: event missing fields ['statusShort', 'state', 'live']; got ['id', 'title', 'league', 'leagueId', 'leagueBadge', 'sport', 'ts', 'season', 'round', 'home', 'homeBadge', 'away', 'awayBadge', 'homeScore', 'awayScore', 'venue', 'country', 'city', 'thumb', 'poster', 'status', 'finished', 'video']&#10;assert not ['statusShort', 'state', 'live']">backend/tests/test_sportsdb_v9.py:85: in test_b_event_normalised_fields
    assert not missing, f"event missing fields {missing}; got {list(sample.keys())}"
E   AssertionError: event missing fields ['statusShort', 'state', 'live']; got ['id', 'title', 'league', 'leagueId', 'leagueBadge', 'sport', 'ts', 'season', 'round', 'home', 'homeBadge', 'away', 'awayBadge', 'homeScore', 'awayScore', 'venue', 'country', 'city', 'thumb', 'poster', 'status', 'finished', 'video']
E   assert not ['statusShort', 'state', 'live']</failure></testcase><testcase classname="backend.tests.test_sportsdb_v9.TestFixturesMerged" name="test_c_sorted_by_ts" time="0.000" /><testcase classname="backend.tests.test_sportsdb_v9.TestFixturesMerged" name="test_d_source_field_espn_and_sportsdb" time="0.000" /><testcase classname="backend.tests.test_sportsdb_v9.TestFixturesMerged" name="test_e_deduplication" time="0.001" /><testcase classname="backend.tests.test_sportsdb_v9.TestFixturesMerged" name="test_f_nrl_rugby_league_present" time="0.414" /><testcase classname="backend.tests.test_sportsdb_v9.TestFixturesMerged" name="test_g_cache_behaviour_and_disk_cache" time="7.656" /><testcase classname="backend.tests.test_sportsdb_v9.TestLivescores" name="test_livescores_shape_and_cache" time="0.544" /><testcase classname="backend.tests.test_sportsdb_v9.TestExistingSportsdbEndpoints" name="test_leagues_curated" time="0.112" /><testcase classname="backend.tests.test_sportsdb_v9.TestExistingSportsdbEndpoints" name="test_league_season_epl" time="0.605" /><testcase classname="backend.tests.test_sportsdb_v9.TestDiskCache" name="test_disk_cache_file_present" time="0.348" /></testsuite></testsuites>