<?xml version="1.0" encoding="utf-8"?><testsuites name="pytest tests"><testsuite name="pytest" errors="0" failures="0" skipped="0" tests="6" time="6.028" timestamp="2026-07-03T06:43:23.387182+00:00" hostname="agent-env-49bc65fa-9152-42e4-b845-97fdcbbeec38"><testcase classname="backend.tests.test_pm_cached_tags.TestPmTagHelpers" name="test_pm_download_is_uncached" time="0.001" /><testcase classname="backend.tests.test_pm_cached_tags.TestPmTagHelpers" name="test_pm_plus_direct_https_is_cached" time="0.000" /><testcase classname="backend.tests.test_pm_cached_tags.TestPmTagHelpers" name="test_infohash_is_neither" time="0.000" /><testcase classname="backend.tests.test_pm_cached_tags.TestPmTagHelpers" name="test_non_torrent_family_is_neither" time="0.000" /><testcase classname="backend.tests.test_pm_cached_tags.TestPmTagHelpers" name="test_tag_addon_quality_premium_writes_both_fields" time="0.000" /><testcase classname="backend.tests.test_pm_cached_tags.TestStreamsEndpointTagging" name="test_all_streams_have_pm_flag_fields" time="5.319" /></testsuite></testsuites>