<?xml version="1.0" encoding="utf-8"?><testsuites name="pytest tests"><testsuite name="pytest" errors="0" failures="0" skipped="0" tests="18" time="3.281" timestamp="2026-05-15T14:17:42.997147+00:00" hostname="agent-env-49bc65fa-9152-42e4-b845-97fdcbbeec38"><testcase classname="backend.tests.test_backup.TestBackupSave" name="test_save_returns_code_and_metadata" time="0.215" /><testcase classname="backend.tests.test_backup.TestBackupSave" name="test_two_saves_return_different_codes" time="0.254" /><testcase classname="backend.tests.test_backup.TestBackupRestore" name="test_restore_wrong_pin_returns_403" time="0.286" /><testcase classname="backend.tests.test_backup.TestBackupRestore" name="test_restore_right_pin_returns_payload_verbatim" time="0.129" /><testcase classname="backend.tests.test_backup.TestBackupRestore" name="test_restore_bad_code_returns_404" time="0.109" /><testcase classname="backend.tests.test_backup.TestBackupRefresh" name="test_refresh_returns_new_expiry" time="0.306" /><testcase classname="backend.tests.test_backup.TestBackupRefresh" name="test_refresh_wrong_pin_403" time="0.220" /><testcase classname="backend.tests.test_backup.TestPinValidation" name="test_save_rejects_bad_pin[abcd]" time="0.106" /><testcase classname="backend.tests.test_backup.TestPinValidation" name="test_save_rejects_bad_pin[12a4]" time="0.145" /><testcase classname="backend.tests.test_backup.TestPinValidation" name="test_save_rejects_bad_pin[12345]" time="0.108" /><testcase classname="backend.tests.test_backup.TestPinValidation" name="test_save_rejects_bad_pin[123]" time="0.125" /><testcase classname="backend.tests.test_backup.TestPinValidation" name="test_save_rejects_bad_pin[    ]" time="0.150" /><testcase classname="backend.tests.test_backup.TestPinValidation" name="test_restore_rejects_non_digit_pin" time="0.222" /><testcase classname="backend.tests.test_backup.TestPinValidation" name="test_restore_rejects_wrong_length_pin" time="0.211" /><testcase classname="backend.tests.test_backup.TestCodeValidation" name="test_restore_rejects_malformed_code[ABC]" time="0.117" /><testcase classname="backend.tests.test_backup.TestCodeValidation" name="test_restore_rejects_malformed_code[ABCDEFG]" time="0.133" /><testcase classname="backend.tests.test_backup.TestCodeValidation" name="test_restore_rejects_malformed_code[]" time="0.128" /><testcase classname="backend.tests.test_backup.TestCodeValidation" name="test_restore_rejects_malformed_code[ABCDE]" time="0.244" /></testsuite></testsuites>