<?xml version="1.0" encoding="utf-8"?><testsuites name="pytest tests"><testsuite name="pytest" errors="0" failures="0" skipped="0" tests="23" time="0.285" timestamp="2026-06-29T13:16:37.544342+00:00" hostname="agent-env-49bc65fa-9152-42e4-b845-97fdcbbeec38"><testcase classname="tests.test_support_session" name="test_host_register_returns_code_and_session" time="0.003" /><testcase classname="tests.test_support_session" name="test_host_register_mints_unique_codes" time="0.009" /><testcase classname="tests.test_support_session" name="test_controller_connect_returns_404_without_auth_when_admin_gate_open" time="0.002" /><testcase classname="tests.test_support_session" name="test_controller_connect_404_on_bad_code" time="0.002" /><testcase classname="tests.test_support_session" name="test_controller_connect_succeeds_with_valid_code" time="0.003" /><testcase classname="tests.test_support_session" name="test_controller_connect_409_after_first_paired" time="0.016" /><testcase classname="tests.test_support_session" name="test_sessions_list_responds_under_open_admin_gate" time="0.002" /><testcase classname="tests.test_support_session" name="test_sessions_list_includes_freshly_registered" time="0.003" /><testcase classname="tests.test_support_session" name="test_host_cancel_removes_session" time="0.003" /><testcase classname="tests.test_support_session" name="test_full_websocket_pairing_and_frame_relay" time="0.006" /><testcase classname="tests.test_support_session" name="test_host_register_payload_includes_device_id_in_session_summary" time="0.003" /><testcase classname="tests.test_build_id_pill_trigger" name="test_dock_apk_upload_mints_build_id" time="0.016" /><testcase classname="tests.test_build_id_pill_trigger" name="test_dock_apk_reupload_rotates_build_id" time="0.015" /><testcase classname="tests.test_build_id_pill_trigger" name="test_home_update_upload_mints_build_id" time="0.010" /><testcase classname="tests.test_build_id_pill_trigger" name="test_home_update_info_returns_no_update_when_build_id_matches" time="0.010" /><testcase classname="tests.test_build_id_pill_trigger" name="test_home_update_info_fires_when_build_id_stale" time="0.011" /><testcase classname="tests.test_build_id_pill_trigger" name="test_home_update_reupload_rotates_build_id_and_pill_refires" time="0.031" /><testcase classname="tests.test_build_id_edge_cases" name="test_dock_apk_build_id_is_valid_uuid4_hex" time="0.008" /><testcase classname="tests.test_build_id_edge_cases" name="test_home_update_build_id_is_valid_uuid4_hex" time="0.007" /><testcase classname="tests.test_build_id_edge_cases" name="test_launcher_config_includes_apk_build_id_field_on_every_dock_tile" time="0.010" /><testcase classname="tests.test_build_id_edge_cases" name="test_home_update_info_without_query_returns_has_update_true" time="0.009" /><testcase classname="tests.test_build_id_edge_cases" name="test_dock_delete_clears_apk_build_id" time="0.014" /><testcase classname="tests.test_build_id_edge_cases" name="test_home_update_delete_clears_build_id" time="0.026" /></testsuite></testsuites>