<?xml version="1.0" encoding="utf-8"?><testsuites name="pytest tests"><testsuite name="pytest" errors="0" failures="0" skipped="0" tests="5" time="1.782" timestamp="2026-06-14T11:24:24.394970+00:00" hostname="agent-env-49bc65fa-9152-42e4-b845-97fdcbbeec38"><testcase classname="backend.tests.test_iter49_auth_streams" name="test_login_ok" time="0.142" /><testcase classname="backend.tests.test_iter49_auth_streams" name="test_login_bad_creds" time="0.134" /><testcase classname="backend.tests.test_iter49_auth_streams" name="test_auth_me" time="0.098" /><testcase classname="backend.tests.test_iter49_auth_streams" name="test_streams_movie" time="0.693" /><testcase classname="backend.tests.test_iter49_auth_streams" name="test_streams_series_colon_format" time="0.654" /></testsuite></testsuites>