<?xml version="1.0" encoding="utf-8"?><testsuites name="pytest tests"><testsuite name="pytest" errors="0" failures="0" skipped="0" tests="6" time="3.940" timestamp="2026-05-19T10:34:29.559882+00:00" hostname="agent-env-49bc65fa-9152-42e4-b845-97fdcbbeec38"><testcase classname="backend.tests.test_iter32_upcoming_and_seeder.TestUpcomingMovies" name="test_basic_shape" time="0.751" /><testcase classname="backend.tests.test_iter32_upcoming_and_seeder.TestUpcomingMovies" name="test_imdb_id_field_exists" time="0.504" /><testcase classname="backend.tests.test_iter32_upcoming_and_seeder.TestUpcomingMovies" name="test_limit_honoured" time="0.661" /><testcase classname="backend.tests.test_iter32_upcoming_and_seeder.TestStreamsEndpoint" name="test_streams_no_500[tt15239678]" time="1.107" /><testcase classname="backend.tests.test_iter32_upcoming_and_seeder.TestStreamsEndpoint" name="test_streams_no_500[tt0111161]" time="0.631" /><testcase classname="backend.tests.test_iter32_upcoming_and_seeder.TestAddons" name="test_default_addons_present" time="0.052" /></testsuite></testsuites>