<?xml version="1.0" encoding="utf-8"?><testsuites name="pytest tests"><testsuite name="pytest" errors="0" failures="0" skipped="0" tests="11" time="3.437" timestamp="2026-06-29T10:08:44.531390+00:00" hostname="agent-env-49bc65fa-9152-42e4-b845-97fdcbbeec38"><testcase classname="tests.test_iter58_networks_trailer.TestAuNetworks" name="test_au_tv_catalogue_nonempty[binge-300]" time="0.391" /><testcase classname="tests.test_iter58_networks_trailer.TestAuNetworks" name="test_au_tv_catalogue_nonempty[stan-200]" time="0.165" /><testcase classname="tests.test_iter58_networks_trailer.TestAuNetworks" name="test_au_tv_catalogue_nonempty[paramount-plus-100]" time="0.165" /><testcase classname="tests.test_iter58_networks_trailer.TestAuNetworks" name="test_au_movie_catalogue_works[binge]" time="0.176" /><testcase classname="tests.test_iter58_networks_trailer.TestAuNetworks" name="test_au_movie_catalogue_works[stan]" time="0.172" /><testcase classname="tests.test_iter58_networks_trailer.TestAuNetworks" name="test_au_movie_catalogue_works[paramount-plus]" time="0.164" /><testcase classname="tests.test_iter58_networks_trailer.TestAuNetworks" name="test_us_region_returns_empty_for_au_only[binge]" time="0.199" /><testcase classname="tests.test_iter58_networks_trailer.TestAuNetworks" name="test_us_region_returns_empty_for_au_only[stan]" time="0.193" /><testcase classname="tests.test_iter58_networks_trailer.TestTrailer" name="test_tmdb_trailer_inception" time="0.162" /><testcase classname="tests.test_iter58_networks_trailer.TestTrailer" name="test_trailer_stream_returns_hd_pair_under_18s" time="1.218" /><testcase classname="tests.test_iter58_networks_trailer.TestTrailer" name="test_trailer_stream_invalid_id_never_hangs" time="0.361" /></testsuite></testsuites>