<?xml version="1.0" encoding="utf-8"?><testsuites name="pytest tests"><testsuite name="pytest" errors="0" failures="0" skipped="0" tests="13" time="10.950" timestamp="2026-05-15T11:40:26.446521+00:00" hostname="agent-env-49bc65fa-9152-42e4-b845-97fdcbbeec38"><testcase classname="backend.tests.test_watch_party.TestWatchPartyRest" name="test_create_returns_6char_code" time="0.175" /><testcase classname="backend.tests.test_watch_party.TestWatchPartyRest" name="test_state_returns_party_for_existing_code" time="0.271" /><testcase classname="backend.tests.test_watch_party.TestWatchPartyRest" name="test_state_invalid_returns_not_found" time="0.106" /><testcase classname="backend.tests.test_watch_party.TestWatchPartyWS" name="test_hello_host_and_guest_state_broadcast" time="0.606" /><testcase classname="backend.tests.test_watch_party.TestWatchPartyWS" name="test_host_pick_broadcasts_movie" time="1.346" /><testcase classname="backend.tests.test_watch_party.TestWatchPartyWS" name="test_host_play_transitions_to_loading" time="1.371" /><testcase classname="backend.tests.test_watch_party.TestWatchPartyWS" name="test_host_pause_updates_position_and_status" time="1.330" /><testcase classname="backend.tests.test_watch_party.TestWatchPartyWS" name="test_chat_message_broadcast_with_sender_info" time="1.365" /><testcase classname="backend.tests.test_watch_party.TestWatchPartyWS" name="test_disconnect_broadcasts_fresh_state" time="0.942" /><testcase classname="backend.tests.test_watch_party.TestWatchPartyReadyHandshake" name="test_play_emits_loading_then_countdown_after_all_ready" time="2.229" /><testcase classname="backend.tests.test_watch_party.TestWatchPartyReadyHandshake" name="test_ready_outside_loading_does_not_flip_status" time="0.786" /><testcase classname="backend.tests.test_watch_party.TestWatchPartyGuestJoin" name="test_join_existing_code_via_state_endpoint" time="0.227" /><testcase classname="backend.tests.test_watch_party.TestWatchPartyGuestJoin" name="test_join_invalid_code_returns_not_found" time="0.106" /></testsuite></testsuites>