<?xml version="1.0" encoding="utf-8"?><testsuites name="pytest tests"><testsuite name="pytest" errors="0" failures="0" skipped="0" tests="27" time="3.964" timestamp="2026-05-10T17:46:58.021759+00:00" hostname="agent-env-49bc65fa-9152-42e4-b845-97fdcbbeec38"><testcase classname="backend.tests.test_networks_tmdb" name="test_netflix_tv" time="0.125" /><testcase classname="backend.tests.test_networks_tmdb" name="test_netflix_movie" time="0.254" /><testcase classname="backend.tests.test_networks_tmdb" name="test_disney_tv" time="0.049" /><testcase classname="backend.tests.test_networks_tmdb" name="test_hbo_includes_marquee_titles" time="0.046" /><testcase classname="backend.tests.test_networks_tmdb" name="test_network_cache" time="0.098" /><testcase classname="backend.tests.test_networks_tmdb" name="test_unknown_network_404" time="0.043" /><testcase classname="backend.tests.test_networks_tmdb" name="test_invalid_type_400" time="0.045" /><testcase classname="backend.tests.test_networks_tmdb" name="test_tmdb_imdb_stranger_things" time="0.054" /><testcase classname="backend.tests.test_networks_tmdb" name="test_tmdb_imdb_invalid_type" time="0.046" /><testcase classname="backend.tests.test_subtitles_and_addons" name="test_install_opensubtitles_v3" time="0.229" /><testcase classname="backend.tests.test_subtitles_and_addons" name="test_install_cinemeta_idempotent" time="0.216" /><testcase classname="backend.tests.test_subtitles_and_addons" name="test_addons_list_contains_both_required" time="0.054" /><testcase classname="backend.tests.test_subtitles_and_addons" name="test_subtitles_aggregator_shawshank" time="0.136" /><testcase classname="backend.tests.test_subtitles_and_addons" name="test_subtitles_caching" time="0.098" /><testcase classname="backend.tests.test_vesper_api" name="test_root" time="0.099" /><testcase classname="backend.tests.test_vesper_api" name="test_suggested" time="0.053" /><testcase classname="backend.tests.test_vesper_api" name="test_cleanup_preexisting" time="0.159" /><testcase classname="backend.tests.test_vesper_api" name="test_install_cinemeta" time="0.140" /><testcase classname="backend.tests.test_vesper_api" name="test_install_invalid" time="0.501" /><testcase classname="backend.tests.test_vesper_api" name="test_install_watchhub" time="0.178" /><testcase classname="backend.tests.test_vesper_api" name="test_list_addons" time="0.047" /><testcase classname="backend.tests.test_vesper_api" name="test_catalog_top_movies" time="0.264" /><testcase classname="backend.tests.test_vesper_api" name="test_catalog_search" time="0.148" /><testcase classname="backend.tests.test_vesper_api" name="test_catalog_cache" time="0.401" /><testcase classname="backend.tests.test_vesper_api" name="test_meta" time="0.130" /><testcase classname="backend.tests.test_vesper_api" name="test_streams" time="0.136" /><testcase classname="backend.tests.test_vesper_api" name="test_delete_addon" time="0.142" /></testsuite></testsuites>