<?xml version="1.0" encoding="utf-8"?><testsuites name="pytest tests"><testsuite name="pytest" errors="0" failures="0" skipped="0" tests="8" time="1.861" timestamp="2026-05-19T14:09:51.832522+00:00" hostname="agent-env-49bc65fa-9152-42e4-b845-97fdcbbeec38"><testcase classname="backend.tests.test_iter39_upcoming" name="test_upcoming_status_200" time="1.044" /><testcase classname="backend.tests.test_iter39_upcoming" name="test_upcoming_has_data_array" time="0.000" /><testcase classname="backend.tests.test_iter39_upcoming" name="test_upcoming_items_have_trailer_key_field" time="0.000" /><testcase classname="backend.tests.test_iter39_upcoming" name="test_upcoming_at_least_one_trailer_key_present" time="0.000" /><testcase classname="backend.tests.test_iter39_upcoming" name="test_upcoming_popularity_threshold" time="0.000" /><testcase classname="backend.tests.test_iter39_upcoming" name="test_upcoming_items_have_required_fields" time="0.000" /><testcase classname="backend.tests.test_iter39_upcoming" name="test_upcoming_limit_respected" time="0.000" /><testcase classname="backend.tests.test_iter39_upcoming" name="test_upcoming_titles_look_english" time="0.600" /></testsuite></testsuites>