<?xml version="1.0" encoding="utf-8"?><testsuites name="pytest tests"><testsuite name="pytest" errors="0" failures="0" skipped="0" tests="9" time="8.348" timestamp="2026-05-14T11:37:05.565686+00:00" hostname="agent-env-49bc65fa-9152-42e4-b845-97fdcbbeec38"><testcase classname="backend.tests.test_watch_party.TestWatchPartyRest" name="test_create_returns_6char_code" time="0.245" /><testcase classname="backend.tests.test_watch_party.TestWatchPartyRest" name="test_state_returns_party_for_existing_code" time="0.228" /><testcase classname="backend.tests.test_watch_party.TestWatchPartyRest" name="test_state_invalid_returns_not_found" time="0.108" /><testcase classname="backend.tests.test_watch_party.TestWatchPartyWS" name="test_hello_host_and_guest_state_broadcast" time="0.646" /><testcase classname="backend.tests.test_watch_party.TestWatchPartyWS" name="test_host_pick_broadcasts_movie" time="1.505" /><testcase classname="backend.tests.test_watch_party.TestWatchPartyWS" name="test_host_play_sets_countdown_future_at_ms" time="1.441" /><testcase classname="backend.tests.test_watch_party.TestWatchPartyWS" name="test_host_pause_updates_position_and_status" time="1.479" /><testcase classname="backend.tests.test_watch_party.TestWatchPartyWS" name="test_chat_message_broadcast_with_sender_info" time="1.659" /><testcase classname="backend.tests.test_watch_party.TestWatchPartyWS" name="test_disconnect_broadcasts_fresh_state" time="0.971" /></testsuite></testsuites>