<?xml version="1.0" encoding="utf-8"?><testsuites name="pytest tests"><testsuite name="pytest" errors="0" failures="0" skipped="0" tests="23" time="2.090" timestamp="2026-06-29T10:51:05.443487+00:00" hostname="agent-env-49bc65fa-9152-42e4-b845-97fdcbbeec38"><testcase classname="launcher-backend.tests.test_build_id_pill_trigger" name="test_dock_apk_upload_mints_build_id" time="0.015" /><testcase classname="launcher-backend.tests.test_build_id_pill_trigger" name="test_dock_apk_reupload_rotates_build_id" time="0.016" /><testcase classname="launcher-backend.tests.test_build_id_pill_trigger" name="test_home_update_upload_mints_build_id" time="0.009" /><testcase classname="launcher-backend.tests.test_build_id_pill_trigger" name="test_home_update_info_returns_no_update_when_build_id_matches" time="0.009" /><testcase classname="launcher-backend.tests.test_build_id_pill_trigger" name="test_home_update_info_fires_when_build_id_stale" time="0.010" /><testcase classname="launcher-backend.tests.test_build_id_pill_trigger" name="test_home_update_reupload_rotates_build_id_and_pill_refires" time="0.031" /><testcase classname="launcher-backend.tests.test_build_id_edge_cases" name="test_dock_apk_build_id_is_valid_uuid4_hex" time="0.009" /><testcase classname="launcher-backend.tests.test_build_id_edge_cases" name="test_home_update_build_id_is_valid_uuid4_hex" time="0.007" /><testcase classname="launcher-backend.tests.test_build_id_edge_cases" name="test_launcher_config_includes_apk_build_id_field_on_every_dock_tile" time="0.010" /><testcase classname="launcher-backend.tests.test_build_id_edge_cases" name="test_home_update_info_without_query_returns_has_update_true" time="0.010" /><testcase classname="launcher-backend.tests.test_build_id_edge_cases" name="test_dock_delete_clears_apk_build_id" time="0.015" /><testcase classname="launcher-backend.tests.test_build_id_edge_cases" name="test_home_update_delete_clears_build_id" time="0.028" /><testcase classname="backend.tests.test_iter58_networks_trailer.TestAuNetworks" name="test_au_tv_catalogue_nonempty[binge-300]" time="0.252" /><testcase classname="backend.tests.test_iter58_networks_trailer.TestAuNetworks" name="test_au_tv_catalogue_nonempty[stan-200]" time="0.129" /><testcase classname="backend.tests.test_iter58_networks_trailer.TestAuNetworks" name="test_au_tv_catalogue_nonempty[paramount-plus-100]" time="0.124" /><testcase classname="backend.tests.test_iter58_networks_trailer.TestAuNetworks" name="test_au_movie_catalogue_works[binge]" time="0.110" /><testcase classname="backend.tests.test_iter58_networks_trailer.TestAuNetworks" name="test_au_movie_catalogue_works[stan]" time="0.127" /><testcase classname="backend.tests.test_iter58_networks_trailer.TestAuNetworks" name="test_au_movie_catalogue_works[paramount-plus]" time="0.105" /><testcase classname="backend.tests.test_iter58_networks_trailer.TestAuNetworks" name="test_us_region_returns_empty_for_au_only[binge]" time="0.093" /><testcase classname="backend.tests.test_iter58_networks_trailer.TestAuNetworks" name="test_us_region_returns_empty_for_au_only[stan]" time="0.099" /><testcase classname="backend.tests.test_iter58_networks_trailer.TestTrailer" name="test_tmdb_trailer_inception" time="0.101" /><testcase classname="backend.tests.test_iter58_networks_trailer.TestTrailer" name="test_trailer_stream_returns_hd_pair_under_18s" time="0.228" /><testcase classname="backend.tests.test_iter58_networks_trailer.TestTrailer" name="test_trailer_stream_invalid_id_never_hangs" time="0.470" /></testsuite></testsuites>