<?xml version="1.0" encoding="utf-8"?><testsuites name="pytest tests"><testsuite name="pytest" errors="0" failures="0" skipped="0" tests="12" time="11.677" timestamp="2026-07-02T10:34:40.902225+00:00" hostname="agent-env-49bc65fa-9152-42e4-b845-97fdcbbeec38"><testcase classname="backend.tests.test_iter67_v2ai_upcoming.TestMusicPrefixStrip" name="test_artist_13" time="0.150" /><testcase classname="backend.tests.test_iter67_v2ai_upcoming.TestMusicPrefixStrip" name="test_artist_prefixed_13" time="0.042" /><testcase classname="backend.tests.test_iter67_v2ai_upcoming.TestMusicPrefixStrip" name="test_album_302127" time="0.044" /><testcase classname="backend.tests.test_iter67_v2ai_upcoming.TestMusicPrefixStrip" name="test_album_prefixed_302127" time="0.042" /><testcase classname="backend.tests.test_iter67_v2ai_upcoming.TestV2AIUpcoming" name="test_avatar_3" time="0.231" /><testcase classname="backend.tests.test_iter67_v2ai_upcoming.TestV2AIUpcoming" name="test_dune_part_3_future" time="0.140" /><testcase classname="backend.tests.test_iter67_v2ai_upcoming.TestV2AIUpcoming" name="test_stranger_things_ended" time="0.172" /><testcase classname="backend.tests.test_iter67_v2ai_upcoming.TestV2AIUpcoming" name="test_mandalorian_and_grogu" time="4.486" /><testcase classname="backend.tests.test_iter67_v2ai_upcoming.TestV2AITranscribePartial" name="test_garbage_bytes_returns_empty" time="0.263" /><testcase classname="backend.tests.test_iter67_v2ai_upcoming.TestV2AIRegressions" name="test_play_the_matrix" time="0.073" /><testcase classname="backend.tests.test_iter67_v2ai_upcoming.TestV2AIRegressions" name="test_trending" time="0.162" /><testcase classname="backend.tests.test_iter67_v2ai_upcoming.TestV2AIRegressions" name="test_directed_pulp_fiction" time="5.803" /></testsuite></testsuites>