<?xml version="1.0" encoding="utf-8"?><testsuites name="pytest tests"><testsuite name="pytest" errors="0" failures="0" skipped="0" tests="27" time="29.151" timestamp="2026-05-15T14:17:52.447480+00:00" hostname="agent-env-49bc65fa-9152-42e4-b845-97fdcbbeec38"><testcase classname="backend.tests.test_watch_party.TestWatchPartyRest" name="test_create_returns_6char_code" time="0.172" /><testcase classname="backend.tests.test_watch_party.TestWatchPartyRest" name="test_state_returns_party_for_existing_code" time="0.227" /><testcase classname="backend.tests.test_watch_party.TestWatchPartyRest" name="test_state_invalid_returns_not_found" time="0.115" /><testcase classname="backend.tests.test_watch_party.TestWatchPartyWS" name="test_hello_host_and_guest_state_broadcast" time="0.652" /><testcase classname="backend.tests.test_watch_party.TestWatchPartyWS" name="test_host_pick_broadcasts_movie" time="1.372" /><testcase classname="backend.tests.test_watch_party.TestWatchPartyWS" name="test_host_play_transitions_to_loading" time="1.518" /><testcase classname="backend.tests.test_watch_party.TestWatchPartyWS" name="test_host_pause_updates_position_and_status" time="1.448" /><testcase classname="backend.tests.test_watch_party.TestWatchPartyWS" name="test_chat_message_broadcast_with_sender_info" time="1.639" /><testcase classname="backend.tests.test_watch_party.TestWatchPartyWS" name="test_disconnect_broadcasts_fresh_state" time="1.086" /><testcase classname="backend.tests.test_watch_party.TestWatchPartyReadyHandshake" name="test_play_emits_loading_then_countdown_after_all_ready" time="2.477" /><testcase classname="backend.tests.test_watch_party.TestWatchPartyReadyHandshake" name="test_ready_outside_loading_does_not_flip_status" time="0.867" /><testcase classname="backend.tests.test_watch_party.TestWatchPartyGuestJoin" name="test_join_existing_code_via_state_endpoint" time="0.252" /><testcase classname="backend.tests.test_watch_party.TestWatchPartyGuestJoin" name="test_join_invalid_code_returns_not_found" time="0.128" /><testcase classname="backend.tests.test_watch_party.TestWatchPartyReactions" name="test_reaction_broadcasts_to_host_and_guest" time="1.519" /><testcase classname="backend.tests.test_watch_party.TestWatchPartyReactions" name="test_reaction_whitelist_drops_disallowed_emoji" time="2.198" /><testcase classname="backend.tests.test_watch_party.TestWatchPartyReactions" name="test_reaction_rate_limit_800ms_per_member" time="3.207" /><testcase classname="backend.tests.test_sportsdb_v9.TestFixturesMerged" name="test_a_shape_volume_and_sports" time="0.284" /><testcase classname="backend.tests.test_sportsdb_v9.TestFixturesMerged" name="test_b_event_normalised_fields" time="0.000" /><testcase classname="backend.tests.test_sportsdb_v9.TestFixturesMerged" name="test_c_sorted_by_ts" time="0.000" /><testcase classname="backend.tests.test_sportsdb_v9.TestFixturesMerged" name="test_d_source_field_espn_and_sportsdb" time="0.000" /><testcase classname="backend.tests.test_sportsdb_v9.TestFixturesMerged" name="test_e_deduplication" time="0.001" /><testcase classname="backend.tests.test_sportsdb_v9.TestFixturesMerged" name="test_f_nrl_rugby_league_present" time="0.332" /><testcase classname="backend.tests.test_sportsdb_v9.TestFixturesMerged" name="test_g_cache_behaviour_and_disk_cache" time="7.621" /><testcase classname="backend.tests.test_sportsdb_v9.TestLivescores" name="test_livescores_shape_and_cache" time="0.925" /><testcase classname="backend.tests.test_sportsdb_v9.TestExistingSportsdbEndpoints" name="test_leagues_curated" time="0.132" /><testcase classname="backend.tests.test_sportsdb_v9.TestExistingSportsdbEndpoints" name="test_league_season_epl" time="0.591" /><testcase classname="backend.tests.test_sportsdb_v9.TestDiskCache" name="test_disk_cache_file_present" time="0.309" /></testsuite></testsuites>