<?xml version="1.0" encoding="utf-8"?><testsuites name="pytest tests"><testsuite name="pytest" errors="0" failures="0" skipped="0" tests="25" time="26.525" timestamp="2026-07-01T10:11:21.635484+00:00" hostname="agent-env-49bc65fa-9152-42e4-b845-97fdcbbeec38"><testcase classname="backend.tests.test_iter64_music_migration.TestMusicBasics" name="test_ping_build_v030" time="0.251" /><testcase classname="backend.tests.test_iter64_music_migration.TestMusicBasics" name="test_home_shelves_have_tracks" time="2.225" /><testcase classname="backend.tests.test_iter64_music_migration.TestMusicBasics" name="test_search_returns_categories" time="1.240" /><testcase classname="backend.tests.test_iter64_music_migration.TestMusicBasics" name="test_album_by_id" time="1.570" /><testcase classname="backend.tests.test_iter64_music_migration.TestMusicBasics" name="test_artist_by_id" time="1.318" /><testcase classname="backend.tests.test_iter64_music_migration.TestMusicBasics" name="test_genre_by_id" time="0.570" /><testcase classname="backend.tests.test_iter64_music_migration.TestStreamResolverNoYouTube" name="test_stream_mainstream_track" time="1.947" /><testcase classname="backend.tests.test_iter64_music_migration.TestStreamResolverNoYouTube" name="test_stream_obscure_track" time="1.430" /><testcase classname="backend.tests.test_iter64_music_migration.TestYtSearchAnonymous" name="test_yt_search_basic" time="0.967" /><testcase classname="backend.tests.test_iter64_music_migration.TestYtSearchAnonymous" name="test_yt_search_karaoke_flag" time="0.696" /><testcase classname="backend.tests.test_iter64_music_migration.TestRadioPodcastsLyrics" name="test_radio_top" time="0.698" /><testcase classname="backend.tests.test_iter64_music_migration.TestRadioPodcastsLyrics" name="test_radio_genres" time="0.456" /><testcase classname="backend.tests.test_iter64_music_migration.TestRadioPodcastsLyrics" name="test_podcasts_top" time="0.246" /><testcase classname="backend.tests.test_iter64_music_migration.TestRadioPodcastsLyrics" name="test_lyrics" time="5.510" /><testcase classname="backend.tests.test_iter64_music_migration.TestDeletedAdminCookiesEndpoints" name="test_admin_cookies_status_deleted" time="0.048" /><testcase classname="backend.tests.test_iter64_music_migration.TestDeletedAdminCookiesEndpoints" name="test_admin_cookies_upload_deleted" time="0.044" /><testcase classname="backend.tests.test_iter64_music_migration.TestDeletedAdminCookiesEndpoints" name="test_admin_cookies_delete_deleted" time="0.049" /><testcase classname="backend.tests.test_iter64_music_migration.TestDeletedAdminCookiesEndpoints" name="test_admin_cookies_test_deleted" time="0.045" /><testcase classname="backend.tests.test_iter64_music_migration.TestDeletedAdminCookiesEndpoints" name="test_admin_html_page_deleted" time="0.051" /><testcase classname="backend.tests.test_iter64_music_migration.TestDeletedAdminCookiesEndpoints" name="test_admin_api_html_page_deleted" time="0.054" /><testcase classname="backend.tests.test_iter64_music_migration.TestRegressionOtherRoutes" name="test_vesper_stream_movie" time="5.071" /><testcase classname="backend.tests.test_iter64_music_migration.TestRegressionOtherRoutes" name="test_tmdb_trailer" time="0.181" /><testcase classname="backend.tests.test_iter64_music_migration.TestRegressionOtherRoutes" name="test_tmdb_upcoming" time="0.776" /><testcase classname="backend.tests.test_iter64_music_migration.TestRegressionOtherRoutes" name="test_xtream_instant_bundle_no_crash" time="0.925" /><testcase classname="backend.tests.test_iter64_music_migration.TestRegressionOtherRoutes" name="test_auth_login" time="0.057" /></testsuite></testsuites>