<?xml version="1.0" encoding="utf-8"?><testsuites name="pytest tests"><testsuite name="pytest" errors="0" failures="0" skipped="0" tests="5" time="11.189" timestamp="2026-06-25T16:01:52.784305+00:00" hostname="agent-env-49bc65fa-9152-42e4-b845-97fdcbbeec38"><testcase classname="backend.tests.test_iter49_auth_streams" name="test_login_ok" time="0.302" /><testcase classname="backend.tests.test_iter49_auth_streams" name="test_login_bad_creds" time="0.182" /><testcase classname="backend.tests.test_iter49_auth_streams" name="test_auth_me" time="0.146" /><testcase classname="backend.tests.test_iter49_auth_streams" name="test_streams_movie" time="5.182" /><testcase classname="backend.tests.test_iter49_auth_streams" name="test_streams_series_colon_format" time="5.226" /></testsuite></testsuites>