<?xml version="1.0" encoding="utf-8"?><testsuites name="pytest tests"><testsuite name="pytest" errors="0" failures="0" skipped="0" tests="5" time="0.983" timestamp="2026-05-10T17:00:13.731616+00:00" hostname="agent-env-49bc65fa-9152-42e4-b845-97fdcbbeec38"><testcase classname="backend.tests.test_subtitles_and_addons" name="test_install_opensubtitles_v3" time="0.378" /><testcase classname="backend.tests.test_subtitles_and_addons" name="test_install_cinemeta_idempotent" time="0.174" /><testcase classname="backend.tests.test_subtitles_and_addons" name="test_addons_list_contains_both_required" time="0.048" /><testcase classname="backend.tests.test_subtitles_and_addons" name="test_subtitles_aggregator_shawshank" time="0.139" /><testcase classname="backend.tests.test_subtitles_and_addons" name="test_subtitles_caching" time="0.090" /></testsuite></testsuites>