<?xml version="1.0" encoding="utf-8"?><testsuites name="pytest tests"><testsuite name="pytest" errors="0" failures="0" skipped="0" tests="13" time="2.758" timestamp="2026-05-10T13:57:16.367389+00:00" hostname="agent-env-49bc65fa-9152-42e4-b845-97fdcbbeec38"><testcase classname="backend.tests.test_vesper_api" name="test_root" time="0.231" /><testcase classname="backend.tests.test_vesper_api" name="test_suggested" time="0.049" /><testcase classname="backend.tests.test_vesper_api" name="test_cleanup_preexisting" time="0.142" /><testcase classname="backend.tests.test_vesper_api" name="test_install_cinemeta" time="0.196" /><testcase classname="backend.tests.test_vesper_api" name="test_install_invalid" time="0.246" /><testcase classname="backend.tests.test_vesper_api" name="test_install_watchhub" time="0.181" /><testcase classname="backend.tests.test_vesper_api" name="test_list_addons" time="0.044" /><testcase classname="backend.tests.test_vesper_api" name="test_catalog_top_movies" time="0.284" /><testcase classname="backend.tests.test_vesper_api" name="test_catalog_search" time="0.130" /><testcase classname="backend.tests.test_vesper_api" name="test_catalog_cache" time="0.402" /><testcase classname="backend.tests.test_vesper_api" name="test_meta" time="0.350" /><testcase classname="backend.tests.test_vesper_api" name="test_streams" time="0.128" /><testcase classname="backend.tests.test_vesper_api" name="test_delete_addon" time="0.139" /></testsuite></testsuites>