<?xml version="1.0" encoding="utf-8"?><testsuites name="pytest tests"><testsuite name="pytest" errors="0" failures="1" skipped="1" tests="7" time="31.131" timestamp="2026-05-15T09:29:17.955274+00:00" hostname="agent-env-49bc65fa-9152-42e4-b845-97fdcbbeec38"><testcase classname="backend.tests.test_sportsdb.TestSportsdbLeagues" name="test_leagues_shape" time="0.125" /><testcase classname="backend.tests.test_sportsdb.TestSportsdbFixtures" name="test_fixtures_aggregated_shape_and_volume" time="17.349"><failure message="AssertionError: expected &gt;=100 events, got 53&#10;assert 53 &gt;= 100&#10; +  where 53 = len([{'away': 'Chennai Super Kings', 'awayBadge': 'https://r2.thesportsdb.com/images/media/team/badge/okceh51487601098.png', 'awayScore': '', 'city': 'Lucknow', ...}, {'away': 'Sweden Ice Hockey', 'awayBadge': 'https://r2.thesportsdb.com/images/media/team/badge/35jges1767984000.png', 'awayScore': '', 'city': 'Fribourg', ...}, {'away': 'Germany Ice Hockey', 'awayBadge': 'https://r2.thesportsdb.com/images/media/team/badge/itlfzg1621041217.png', 'awayScore': '', 'city': 'Zürich', ...}, {'away': 'Kazincbarcika', 'awayBadge': 'https://r2.thesportsdb.com/images/media/team/badge/957alm1617288444.png', 'awayScore': '', 'city': '', ...}, {'away': 'MTK Budapest', 'awayBadge': 'https://r2.thesportsdb.com/images/media/team/badge/brw5tj1688115226.png', 'awayScore': '', 'city': '', ...}, {'away': 'Denmark Ice Hockey', 'awayBadge': 'https://r2.thesportsdb.com/images/media/team/badge/fb4j3a1621067469.png', 'awayScore': '', 'city': 'Fribourg', ...}, ...])">backend/tests/test_sportsdb.py:73: in test_fixtures_aggregated_shape_and_volume
    assert len(events) &gt;= 100, f"expected &gt;=100 events, got {len(events)}"
E   AssertionError: expected &gt;=100 events, got 53
E   assert 53 &gt;= 100
E    +  where 53 = len([{'away': 'Chennai Super Kings', 'awayBadge': 'https://r2.thesportsdb.com/images/media/team/badge/okceh51487601098.png', 'awayScore': '', 'city': 'Lucknow', ...}, {'away': 'Sweden Ice Hockey', 'awayBadge': 'https://r2.thesportsdb.com/images/media/team/badge/35jges1767984000.png', 'awayScore': '', 'city': 'Fribourg', ...}, {'away': 'Germany Ice Hockey', 'awayBadge': 'https://r2.thesportsdb.com/images/media/team/badge/itlfzg1621041217.png', 'awayScore': '', 'city': 'Zürich', ...}, {'away': 'Kazincbarcika', 'awayBadge': 'https://r2.thesportsdb.com/images/media/team/badge/957alm1617288444.png', 'awayScore': '', 'city': '', ...}, {'away': 'MTK Budapest', 'awayBadge': 'https://r2.thesportsdb.com/images/media/team/badge/brw5tj1688115226.png', 'awayScore': '', 'city': '', ...}, {'away': 'Denmark Ice Hockey', 'awayBadge': 'https://r2.thesportsdb.com/images/media/team/badge/fb4j3a1621067469.png', 'awayScore': '', 'city': 'Fribourg', ...}, ...])</failure></testcase><testcase classname="backend.tests.test_sportsdb.TestSportsdbFixtures" name="test_fixtures_cache_behaviour" time="9.153" /><testcase classname="backend.tests.test_sportsdb.TestSportsdbLeagueSeason" name="test_league_season_epl_and_cache" time="3.946" /><testcase classname="backend.tests.test_sportsdb.TestExistingEndpointsSmoke" name="test_sports_find_alive" time="0.142" /><testcase classname="backend.tests.test_sportsdb.TestExistingEndpointsSmoke" name="test_tmdb_search_alive" time="0.203" /><testcase classname="backend.tests.test_sportsdb.TestExistingEndpointsSmoke" name="test_img_proxy_alive" time="0.110"><skipped type="pytest.skip" message="No badge URL available in fixtures payload to test img-proxy">/app/backend/tests/test_sportsdb.py:179: No badge URL available in fixtures payload to test img-proxy</skipped></testcase></testsuite></testsuites>