<?xml version="1.0" encoding="utf-8"?><testsuites name="pytest tests"><testsuite name="pytest" errors="0" failures="0" skipped="0" tests="12" time="248.526" timestamp="2026-08-16T08:15:44.877874+00:00" hostname="agent-env-49bc65fa-9152-42e4-b845-97fdcbbeec38"><testcase classname="tests.test_trivia_iter83" name="test_room_has_14_categories_and_4_modes" time="2.964" /><testcase classname="tests.test_trivia_iter83" name="test_sound_files_served[lobby]" time="0.152" /><testcase classname="tests.test_trivia_iter83" name="test_sound_files_served[tick]" time="0.090" /><testcase classname="tests.test_trivia_iter83" name="test_sound_files_served[whoosh]" time="0.101" /><testcase classname="tests.test_trivia_iter83" name="test_sound_files_served[buzz]" time="0.103" /><testcase classname="tests.test_trivia_iter83" name="test_sound_files_served[correct]" time="0.101" /><testcase classname="tests.test_trivia_iter83" name="test_sound_files_served[wrong]" time="0.093" /><testcase classname="tests.test_trivia_iter83" name="test_sound_files_served[fanfare]" time="0.119" /><testcase classname="tests.test_trivia_iter83" name="test_sound_files_served[click]" time="0.091" /><testcase classname="tests.test_trivia_iter83" name="test_picture_flags_serves_images" time="3.567" /><testcase classname="tests.test_trivia_iter83" name="test_blitz_plus_picture_coerces_to_classic" time="0.510" /><testcase classname="tests.test_trivia_iter83" name="test_puzzle_party_mixed_kinds_and_number_scoring" time="240.560" /></testsuite></testsuites>