<?xml version="1.0" encoding="utf-8"?><testsuites name="pytest tests"><testsuite name="pytest" errors="0" failures="1" skipped="0" tests="7" time="189.730" timestamp="2026-08-16T07:08:00.748769+00:00" hostname="agent-env-49bc65fa-9152-42e4-b845-97fdcbbeec38"><testcase classname="backend.tests.test_trivia" name="test_create_room" time="0.273" /><testcase classname="backend.tests.test_trivia" name="test_get_room_exists_and_404" time="0.391" /><testcase classname="backend.tests.test_trivia" name="test_ws_tv_connects_and_receives_snapshot" time="0.299" /><testcase classname="backend.tests.test_trivia" name="test_player_join_broadcasts_to_both" time="0.486" /><testcase classname="backend.tests.test_trivia" name="test_classic_game_full_flow" time="180.388"><failure message="AssertionError: assert 'countdown' in {'lobby'}">backend/tests/test_trivia.py:148: in test_classic_game_full_flow
    assert "countdown" in seen_phases
E   AssertionError: assert 'countdown' in {'lobby'}</failure></testcase><testcase classname="backend.tests.test_trivia" name="test_blitz_serves_two_options" time="3.945" /><testcase classname="backend.tests.test_trivia" name="test_buzzer_mode_flow" time="3.732" /></testsuite></testsuites>